<?xml version="1.0" encoding="UTF-8"?>
<testsuite name="hello.servlet.ServletApplicationTests" tests="1" skipped="0" failures="0" errors="0" timestamp="2023-05-07T15:22:06" hostname="DAEMINKIM" time="0.775">
  <properties/>
  <testcase name="contextLoads()" classname="hello.servlet.ServletApplicationTests" time="0.775"/>
  <system-out><![CDATA[00:22:03.596 [Test worker] DEBUG org.springframework.boot.test.context.SpringBootTestContextBootstrapper -- Neither @ContextConfiguration nor @ContextHierarchy found for test class [ServletApplicationTests]: using SpringBootContextLoader
00:22:03.606 [Test worker] DEBUG org.springframework.test.context.support.AbstractContextLoader -- Could not detect default resource locations for test class [hello.servlet.ServletApplicationTests]: no resource found for suffixes {-context.xml, Context.groovy}.
00:22:03.607 [Test worker] INFO org.springframework.test.context.support.AnnotationConfigContextLoaderUtils -- Could not detect default configuration classes for test class [hello.servlet.ServletApplicationTests]: ServletApplicationTests does not declare any static, non-private, non-final, nested classes annotated with @Configuration.
00:22:03.662 [Test worker] DEBUG org.springframework.boot.test.context.SpringBootTestContextBootstrapper -- Using ContextCustomizers for test class [ServletApplicationTests]: [DisableObservabilityContextCustomizer, PropertyMappingContextCustomizer, Customizer, ExcludeFilterContextCustomizer, DuplicateJsonObjectContextCustomizer, MockitoContextCustomizer, TestRestTemplateContextCustomizer]
00:22:03.788 [Test worker] DEBUG org.springframework.context.annotation.ClassPathScanningCandidateComponentProvider -- Identified candidate component class: file [C:\Users\kdm00\IdeaProjects\servlet\build\classes\java\main\hello\servlet\ServletApplication.class]
00:22:03.791 [Test worker] INFO org.springframework.boot.test.context.SpringBootTestContextBootstrapper -- Found @SpringBootConfiguration hello.servlet.ServletApplication for test class hello.servlet.ServletApplicationTests
00:22:03.955 [Test worker] DEBUG org.springframework.test.context.util.TestContextSpringFactoriesUtils -- Skipping candidate TestExecutionListener [org.springframework.test.context.transaction.TransactionalTestExecutionListener] due to a missing dependency. Specify custom TestExecutionListener classes or make the default TestExecutionListener classes and their required dependencies available. Offending class: [org/springframework/transaction/interceptor/TransactionAttributeSource]
00:22:03.958 [Test worker] DEBUG org.springframework.test.context.util.TestContextSpringFactoriesUtils -- Skipping candidate TestExecutionListener [org.springframework.test.context.jdbc.SqlScriptsTestExecutionListener] due to a missing dependency. Specify custom TestExecutionListener classes or make the default TestExecutionListener classes and their required dependencies available. Offending class: [org/springframework/transaction/interceptor/TransactionAttribute]
00:22:03.961 [Test worker] DEBUG org.springframework.boot.test.context.SpringBootTestContextBootstrapper -- Using TestExecutionListeners for test class [ServletApplicationTests]: [ServletTestExecutionListener, DirtiesContextBeforeModesTestExecutionListener, ApplicationEventsTestExecutionListener, MockitoTestExecutionListener, DependencyInjectionTestExecutionListener, DirtiesContextTestExecutionListener, EventPublishingTestExecutionListener, RestDocsTestExecutionListener, MockRestServiceServerResetTestExecutionListener, MockMvcPrintOnlyOnFailureTestExecutionListener, WebDriverTestExecutionListener, MockWebServiceServerTestExecutionListener, ResetMocksTestExecutionListener]
00:22:03.964 [Test worker] DEBUG org.springframework.test.context.support.AbstractDirtiesContextTestExecutionListener -- Before test class: class [ServletApplicationTests], class annotated with @DirtiesContext [false] with mode [null]

  .   ____          _            __ _ _
 /\\ / ___'_ __ _ _(_)_ __  __ _ \ \ \ \
( ( )\___ | '_ | '_| | '_ \/ _` | \ \ \ \
 \\/  ___)| |_)| | | | | || (_| |  ) ) ) )
  '  |____| .__|_| |_|_| |_\__, | / / / /
 =========|_|==============|___/=/_/_/_/
 :: Spring Boot ::                (v3.0.6)

2023-05-08T00:22:04.434+09:00  WARN 21116 --- [    Test worker] ory$DuplicateJsonObjectContextCustomizer : 

Found multiple occurrences of org.json.JSONObject on the class path:

	jar:file:/C:/Users/kdm00/.gradle/caches/modules-2/files-2.1/org.json/json/20210307/528c8df3757e8bcf151817b1d7b9b434f6aa08d5/json-20210307.jar!/org/json/JSONObject.class
	jar:file:/C:/Users/kdm00/.gradle/caches/modules-2/files-2.1/com.vaadin.external.google/android-json/0.0.20131108.vaadin1/fa26d351fe62a6a17f5cda1287c1c6110dec413f/android-json-0.0.20131108.vaadin1.jar!/org/json/JSONObject.class

You may wish to exclude one of them to ensure predictable runtime behavior

2023-05-08T00:22:04.465+09:00  INFO 21116 --- [    Test worker] hello.servlet.ServletApplicationTests    : Starting ServletApplicationTests using Java 17.0.6 with PID 21116 (started by kdm00 in C:\Users\kdm00\IdeaProjects\servlet)
2023-05-08T00:22:04.476+09:00  INFO 21116 --- [    Test worker] hello.servlet.ServletApplicationTests    : No active profile set, falling back to 1 default profile: "default"
2023-05-08T00:22:06.562+09:00  INFO 21116 --- [    Test worker] hello.servlet.ServletApplicationTests    : Started ServletApplicationTests in 2.518 seconds (process running for 4.726)
]]></system-out>
  <system-err><![CDATA[]]></system-err>
</testsuite>
